<?xml version="1.0" encoding="UTF-8"?>
<!-- Generated by org.testng.reporters.JUnitXMLReporter -->
<testsuite hostname="DESKTOP-IC54V12" ignored="22" name="Default test" tests="1" failures="0" timestamp="2022-09-11T14:33:40 CDT" time="0.112" errors="0">
  <testcase name="DuplicateCharactersTest" time="0.021" classname="collectionsframework.Programs_Collections"/>
  <testcase name="compareTwoListAndFindAdditionalInList1" time="0.0" classname="collectionsframework.Programs_Collections">
    <ignored/>
  </testcase> <!-- compareTwoListAndFindAdditionalInList1 -->
  <testcase name="duplicateWordsElementTest" time="0.0" classname="collectionsframework.Programs_Collections">
    <ignored/>
  </testcase> <!-- duplicateWordsElementTest -->
  <testcase name="ArrayList_Basic_Iterate_MutlipleWays" time="0.0" classname="collectionsframework.Programs_Collections">
    <ignored/>
  </testcase> <!-- ArrayList_Basic_Iterate_MutlipleWays -->
  <testcase name="compareTwoListAndFindCommonInbothList" time="0.0" classname="collectionsframework.Programs_Collections">
    <ignored/>
  </testcase> <!-- compareTwoListAndFindCommonInbothList -->
  <testcase name="findWordHavingHighestCountTest" time="0.0" classname="collectionsframework.Programs_Collections">
    <ignored/>
  </testcase> <!-- findWordHavingHighestCountTest -->
  <testcase name="removeDuplicateWordTest" time="0.0" classname="collectionsframework.Programs_Collections">
    <ignored/>
  </testcase> <!-- removeDuplicateWordTest -->
  <testcase name="HashMap_Basic_Iterate_keyset_entryset_Lambda" time="0.0" classname="collectionsframework.Programs_Collections">
    <ignored/>
  </testcase> <!-- HashMap_Basic_Iterate_keyset_entryset_Lambda -->
  <testcase name="UniqueWordsElementTest" time="0.0" classname="collectionsframework.Programs_Collections">
    <ignored/>
  </testcase> <!-- UniqueWordsElementTest -->
  <testcase name="countEachCharactersInString_countDuplicate_countUnique_HashMap" time="0.0" classname="collectionsframework.Programs_Collections">
    <ignored/>
  </testcase> <!-- countEachCharactersInString_countDuplicate_countUnique_HashMap -->
  <testcase name="AllCharactersTest" time="0.0" classname="collectionsframework.Programs_Collections">
    <ignored/>
  </testcase> <!-- AllCharactersTest -->
  <testcase name="UniqueCharactersTest" time="0.0" classname="collectionsframework.Programs_Collections">
    <ignored/>
  </testcase> <!-- UniqueCharactersTest -->
  <testcase name="convertArrayToArrayList_ArryListToArray_ArraysasList_addAll_Stream" time="0.0" classname="collectionsframework.Programs_Collections">
    <ignored/>
  </testcase> <!-- convertArrayToArrayList_ArryListToArray_ArraysasList_addAll_Stream -->
  <testcase name="compareHashMap" time="0.0" classname="collectionsframework.Programs_Collections">
    <ignored/>
  </testcase> <!-- compareHashMap -->
  <testcase name="countAllWordsElementTest" time="0.0" classname="collectionsframework.Programs_Collections">
    <ignored/>
  </testcase> <!-- countAllWordsElementTest -->
  <testcase name="removeDuplicatesFromArray_HashSet_Arraylist_Streams" time="0.0" classname="collectionsframework.Programs_Collections">
    <ignored/>
  </testcase> <!-- removeDuplicatesFromArray_HashSet_Arraylist_Streams -->
  <testcase name="countOfAllDigitTest" time="0.0" classname="collectionsframework.Programs_Collections">
    <ignored/>
  </testcase> <!-- countOfAllDigitTest -->
  <testcase name="sublist_clone_ArrayList" time="0.0" classname="collectionsframework.Programs_Collections">
    <ignored/>
  </testcase> <!-- sublist_clone_ArrayList -->
  <testcase name="compareArrayList" time="0.0" classname="collectionsframework.Programs_Collections">
    <ignored/>
  </testcase> <!-- compareArrayList -->
  <testcase name="compareTwoListAndFindMissingInList1" time="0.0" classname="collectionsframework.Programs_Collections">
    <ignored/>
  </testcase> <!-- compareTwoListAndFindMissingInList1 -->
  <testcase name="sort_ArrayList_Ascending_Descending" time="0.0" classname="collectionsframework.Programs_Collections">
    <ignored/>
  </testcase> <!-- sort_ArrayList_Ascending_Descending -->
  <testcase name="removeEvenNumbersFromList_ArrayList_Lambda" time="0.0" classname="collectionsframework.Programs_Collections">
    <ignored/>
  </testcase> <!-- removeEvenNumbersFromList_ArrayList_Lambda -->
  <testcase name="convertHashMapToArrayList" time="0.0" classname="collectionsframework.Programs_Collections">
    <ignored/>
  </testcase> <!-- convertHashMapToArrayList -->
</testsuite> <!-- Default test -->
